<?xml version="1.0" encoding="UTF-8"?>
<!-- Generated by org.testng.reporters.JUnitReportReporter -->
<testsuite skipped="0" hostname="Akila" name="org.basic.DemoApi" tests="2" failures="0" timestamp="03 Aug 2023 07:03:41 GMT" time="1.666" errors="0">
  <testcase name="test1" time="1.413" classname="org.basic.DemoApi"/>
  <testcase name="test2" time="0.253" classname="org.basic.DemoApi"/>
</testsuite> <!-- org.basic.DemoApi -->
